\BOOKMARK [0][-]{chapter.1}{Introduction}{}% 1
\BOOKMARK [1][-]{section.1.1}{Purpose}{chapter.1}% 2
\BOOKMARK [1][-]{section.1.2}{Scope of the product}{chapter.1}% 3
\BOOKMARK [1][-]{section.1.3}{Definitions, acronyms and abbreviations}{chapter.1}% 4
\BOOKMARK [1][-]{section.1.4}{References}{chapter.1}% 5
\BOOKMARK [1][-]{section.1.5}{Overview of the document}{chapter.1}% 6
\BOOKMARK [0][-]{chapter.2}{Overall Description}{}% 7
\BOOKMARK [1][-]{section.2.1}{Product Perspective}{chapter.2}% 8
\BOOKMARK [1][-]{section.2.2}{Product Functions}{chapter.2}% 9
\BOOKMARK [1][-]{section.2.3}{User Classes and Characteristics}{chapter.2}% 10
\BOOKMARK [1][-]{section.2.4}{Constraints}{chapter.2}% 11
\BOOKMARK [1][-]{section.2.5}{User Documentation}{chapter.2}% 12
\BOOKMARK [1][-]{section.2.6}{Assumptions and Dependencies}{chapter.2}% 13
\BOOKMARK [0][-]{chapter.3}{Specific requirements}{}% 14
\BOOKMARK [1][-]{section.3.1}{External Interface Requirements}{chapter.3}% 15
\BOOKMARK [2][-]{subsection.3.1.1}{User Interfaces}{section.3.1}% 16
\BOOKMARK [2][-]{subsection.3.1.2}{Hardware Interfaces}{section.3.1}% 17
\BOOKMARK [2][-]{subsection.3.1.3}{Software Interfaces}{section.3.1}% 18
\BOOKMARK [2][-]{subsection.3.1.4}{Communications Interfaces}{section.3.1}% 19
\BOOKMARK [1][-]{section.3.2}{Functional requirements}{chapter.3}% 20
\BOOKMARK [2][-]{subsection.3.2.1}{Download mobile application}{section.3.2}% 21
\BOOKMARK [2][-]{subsection.3.2.2}{Download and notify users of new releases}{section.3.2}% 22
\BOOKMARK [2][-]{subsection.3.2.3}{User sign in with credentials}{section.3.2}% 23
\BOOKMARK [2][-]{subsection.3.2.4}{User sign up}{section.3.2}% 24
\BOOKMARK [2][-]{subsection.3.2.5}{Location acquiring}{section.3.2}% 25
\BOOKMARK [2][-]{subsection.3.2.6}{Choose filters}{section.3.2}% 26
\BOOKMARK [2][-]{subsection.3.2.7}{Download the offers}{section.3.2}% 27
\BOOKMARK [2][-]{subsection.3.2.8}{Display offers on main page}{section.3.2}% 28
\BOOKMARK [2][-]{subsection.3.2.9}{App menu}{section.3.2}% 29
\BOOKMARK [2][-]{subsection.3.2.10}{Offer page}{section.3.2}% 30
\BOOKMARK [2][-]{subsection.3.2.11}{Seller mode page}{section.3.2}% 31
\BOOKMARK [2][-]{subsection.3.2.12}{Making a purchase}{section.3.2}% 32
\BOOKMARK [2][-]{subsection.3.2.13}{Chat}{section.3.2}% 33
\BOOKMARK [2][-]{subsection.3.2.14}{About}{section.3.2}% 34
\BOOKMARK [1][-]{section.3.3}{Perfomance requirements}{chapter.3}% 35
\BOOKMARK [2][-]{subsection.3.3.1}{Usage of sign in feature}{section.3.3}% 36
\BOOKMARK [2][-]{subsection.3.3.2}{Prominent menu feature}{section.3.3}% 37
\BOOKMARK [2][-]{subsection.3.3.3}{Usage of the offer page}{section.3.3}% 38
\BOOKMARK [2][-]{subsection.3.3.4}{Response time}{section.3.3}% 39
\BOOKMARK [2][-]{subsection.3.3.5}{SystemDependability}{section.3.3}% 40
\BOOKMARK [0][-]{chapter.4}{Prioritization and Release Plan}{}% 41
\BOOKMARK [1][-]{section.4.1}{Choice of prioritization method}{chapter.4}% 42
\BOOKMARK [1][-]{section.4.2}{Release Plan}{chapter.4}% 43
\BOOKMARK [0][-]{chapter.5}{Other Requirements}{}% 44
\BOOKMARK [1][-]{section.5.1}{Appendix A: Analysis Models}{chapter.5}% 45
